10:51:00 scenario.file.loc[Ljava.lang.String;@1ad282e0
10:51:00 loading BDD file: scenarios/Test.bdd
10:51:00 total test found: 1
10:51:00 

Executing scenario: TestFlight - end to end
10:51:00 pkg: com.qmetry.qaf.automation.step
10:51:01 pkg: com.testflightbooking
10:51:01 Found duplicate step to load [] with [lower] prority then []
10:51:01 Invoking Teststep: Given user opens the browser
10:51:12 Completed Teststep: Given user opens the browser
10:51:12 Invoking Teststep: Then user should see the orbitz homepage
10:51:14 Completed Teststep: Then user should see the orbitz homepage
10:51:14 Invoking Teststep: when user clicks on to flights tab
10:51:14 Completed Teststep: when user clicks on to flights tab
10:51:14 Invoking Teststep: And user clicks on to one way tab
10:51:14 Completed Teststep: And user clicks on to one way tab
10:51:14 Invoking Teststep: And user enters the "pune" in source with arguments: [pune]
10:51:15 Invoking Teststep: click on {loc} with arguments: [lst.from.besttraveldeals]
10:51:16 Completed Teststep: click on {loc} with arguments: [lst.from.besttraveldeals]
10:51:16 Completed Teststep: And user enters the "pune" in source with arguments: [pune]
10:51:16 Invoking Teststep: And user enters "coimbatore" in destination with arguments: [coimbatore]
10:51:16 Invoking Teststep: sendKeys {text} into {loc} with arguments: [coimbatore, txt.flyingto.besttraveldeals]
10:51:16 Completed Teststep: sendKeys {text} into {loc} with arguments: [coimbatore, txt.flyingto.besttraveldeals]
10:51:16 Invoking Teststep: click on {loc} with arguments: [lst.to.besttraveldeals]
10:51:18 Completed Teststep: click on {loc} with arguments: [lst.to.besttraveldeals]
10:51:18 Completed Teststep: And user enters "coimbatore" in destination with arguments: [coimbatore]
10:51:18 Invoking Teststep: And user enters "03/01/2018" as the date of journey with arguments: [03/01/2018]
10:51:18 Invoking Teststep: click on {loc} with arguments: [txt.departing.besttraveldeals]
10:51:18 Completed Teststep: click on {loc} with arguments: [txt.departing.besttraveldeals]
10:51:18 Completed Teststep: And user enters "03/01/2018" as the date of journey with arguments: [03/01/2018]
10:51:18 Invoking Teststep: And clicks on search
10:51:18 Failure Teststep: And clicks on search
org.openqa.selenium.WebDriverException: unknown error: Element <button type="submit" data-wizard-action="{submit:true}" class="btn-action btn-primary" id="search-button" data-tid="search-button">...</button> is not clickable at point (262, 626). Other element would receive the click: <button type="button" class="datepicker-cal-date" data-year="2018" data-month="1" data-day="...">19</button>
  (Session info: chrome=64.0.3282.140)
  (Driver info: chromedriver=2.34.522940 (1a76f96f66e3ca7b8e57d503b4dd3bccfba87af1),platform=Windows NT 10.0.10586 x86_64) (WARNING: The server did not provide any stacktrace information)
Command duration or timeout: 55 milliseconds
Build info: version: '2.53.0', revision: '35ae25b1534ae328c771e0856c93e187490ca824', time: '2016-03-15 10:43:46'
System info: host: 'ICPL11474', ip: '10.11.31.232', os.name: 'Windows 10', os.arch: 'amd64', os.version: '10.0', java.version: '1.8.0_144'
Driver info: com.qmetry.qaf.automation.ui.webdriver.QAFExtendedWebDriver
Capabilities [{applicationCacheEnabled=false, rotatable=false, mobileEmulationEnabled=false, networkConnectionEnabled=false, chrome={chromedriverVersion=2.34.522940 (1a76f96f66e3ca7b8e57d503b4dd3bccfba87af1), userDataDir=C:\Users\RAM~1.KUM\AppData\Local\Temp\scoped_dir11628_28149}, takesHeapSnapshot=true, pageLoadStrategy=normal, databaseEnabled=false, handlesAlerts=true, hasTouchScreen=false, version=64.0.3282.140, platform=XP, browserConnectionEnabled=false, nativeEvents=true, acceptSslCerts=true, locationContextEnabled=true, webStorageEnabled=true, browserName=chrome, takesScreenshot=true, javascriptEnabled=true, cssSelectorsEnabled=true, setWindowRect=true, unexpectedAlertBehaviour=}]
Session ID: 8b1ddae01787b394e9641ebc9ca0a281
	at sun.reflect.NativeConstructorAccessorImpl.newInstance0(Native Method)
	at sun.reflect.NativeConstructorAccessorImpl.newInstance(NativeConstructorAccessorImpl.java:62)
	at sun.reflect.DelegatingConstructorAccessorImpl.newInstance(DelegatingConstructorAccessorImpl.java:45)
	at java.lang.reflect.Constructor.newInstance(Constructor.java:423)
	at org.openqa.selenium.remote.ErrorHandler.createThrowable(ErrorHandler.java:206)
	at org.openqa.selenium.remote.ErrorHandler.throwIfResponseFailed(ErrorHandler.java:158)
	at org.openqa.selenium.remote.RemoteWebDriver.execute(RemoteWebDriver.java:678)
	at com.qmetry.qaf.automation.ui.webdriver.QAFExtendedWebDriver.executeWitoutLog(QAFExtendedWebDriver.java:256)
	at com.qmetry.qaf.automation.ui.webdriver.QAFExtendedWebElement.execute(QAFExtendedWebElement.java:252)
	at org.openqa.selenium.remote.RemoteWebElement.click(RemoteWebElement.java:85)
	at com.qmetry.qaf.automation.step.CommonStep.click_aroundBody50(CommonStep.java:648)
	at com.qmetry.qaf.automation.step.CommonStep$AjcClosure51.run(CommonStep.java:1)
	at org.aspectj.runtime.reflect.JoinPointImpl.proceed(JoinPointImpl.java:149)
	at com.qmetry.qaf.automation.step.JavaStepReporter.javaTestStep(JavaStepReporter.java:101)
	at com.qmetry.qaf.automation.step.CommonStep.click(CommonStep.java:647)
	at com.testflightbooking.StepsBackLog.clicksOnSearch(StepsBackLog.java:106)
	at sun.reflect.NativeMethodAccessorImpl.invoke0(Native Method)
	at sun.reflect.NativeMethodAccessorImpl.invoke(NativeMethodAccessorImpl.java:62)
	at sun.reflect.DelegatingMethodAccessorImpl.invoke(DelegatingMethodAccessorImpl.java:43)
	at java.lang.reflect.Method.invoke(Method.java:498)
	at com.qmetry.qaf.automation.step.JavaStep.doExecute(JavaStep.java:160)
	at com.qmetry.qaf.automation.step.BaseTestStep.execute(BaseTestStep.java:149)
	at com.qmetry.qaf.automation.step.StringTestStep.execute(StringTestStep.java:134)
	at com.qmetry.qaf.automation.step.client.Scenario.execute(Scenario.java:167)
	at com.qmetry.qaf.automation.step.client.Scenario.scenario(Scenario.java:219)
	at sun.reflect.NativeMethodAccessorImpl.invoke0(Native Method)
	at sun.reflect.NativeMethodAccessorImpl.invoke(NativeMethodAccessorImpl.java:62)
	at sun.reflect.DelegatingMethodAccessorImpl.invoke(DelegatingMethodAccessorImpl.java:43)
	at java.lang.reflect.Method.invoke(Method.java:498)
	at org.testng.internal.MethodInvocationHelper.invokeMethod(MethodInvocationHelper.java:104)
	at org.testng.internal.Invoker.invokeMethod(Invoker.java:645)
	at org.testng.internal.Invoker.invokeTestMethod(Invoker.java:851)
	at org.testng.internal.Invoker.invokeTestMethods(Invoker.java:1177)
	at org.testng.internal.TestMethodWorker.invokeTestMethods(TestMethodWorker.java:129)
	at org.testng.internal.TestMethodWorker.run(TestMethodWorker.java:112)
	at org.testng.TestRunner.privateRun(TestRunner.java:781)
	at org.testng.TestRunner.run(TestRunner.java:635)
	at org.testng.SuiteRunner.runTest(SuiteRunner.java:387)
	at org.testng.SuiteRunner.runSequentially(SuiteRunner.java:382)
	at org.testng.SuiteRunner.privateRun(SuiteRunner.java:340)
	at org.testng.SuiteRunner.run(SuiteRunner.java:289)
	at org.testng.SuiteRunnerWorker.runSuite(SuiteRunnerWorker.java:52)
	at org.testng.SuiteRunnerWorker.run(SuiteRunnerWorker.java:86)
	at org.testng.TestNG.runSuitesSequentially(TestNG.java:1293)
	at org.testng.TestNG.runSuitesLocally(TestNG.java:1218)
	at org.testng.TestNG.runSuites(TestNG.java:1133)
	at org.testng.TestNG.run(TestNG.java:1104)
	at org.testng.remote.AbstractRemoteTestNG.run(AbstractRemoteTestNG.java:114)
	at org.testng.remote.RemoteTestNG.initAndRun(RemoteTestNG.java:251)
	at org.testng.remote.RemoteTestNG.main(RemoteTestNG.java:77)
10:51:18 Completed Teststep: And clicks on search
10:51:18 Competed scenario: TestFlight with status FAILURE
