14:50:56 Invoking Teststep: user is on the Homepage
14:51:07 Completed Teststep: user is on the Homepage
12:53:42 Invoking Teststep: user is on the Homepage
12:53:56 Completed Teststep: user is on the Homepage
12:57:20 Invoking Teststep: user is on the Homepage
12:57:30 Completed Teststep: user is on the Homepage
13:00:52 Invoking Teststep: user is on the Homepage
13:01:01 Completed Teststep: user is on the Homepage
14:17:13 Invoking Teststep: user is on the Homepage
14:17:24 Completed Teststep: user is on the Homepage
14:54:26 Invoking Teststep: user is on the Homepage
14:54:37 Completed Teststep: user is on the Homepage
14:58:06 Invoking Teststep: user is on the Homepage
14:58:29 Completed Teststep: user is on the Homepage
15:05:18 Invoking Teststep: user is on the Homepage
15:05:33 Completed Teststep: user is on the Homepage
15:43:33 Invoking Teststep: user is on the Homepage
15:43:41 Completed Teststep: user is on the Homepage
17:25:56 Invoking Teststep: click on {loc} with arguments: [btn.flights.besttraveldeals]
17:25:56 Completed Teststep: click on {loc} with arguments: [btn.flights.besttraveldeals]
17:25:56 Invoking Teststep: click on {loc} with arguments: [btn.oneway.besttraveldeals]
17:25:56 Completed Teststep: click on {loc} with arguments: [btn.oneway.besttraveldeals]
17:25:56 Invoking Teststep: sendKeys {text} into {loc} with arguments: [pune, txt.flyingfrom.besttravelpage]
17:25:56 Completed Teststep: sendKeys {text} into {loc} with arguments: [pune, txt.flyingfrom.besttravelpage]
17:25:56 Invoking Teststep: click on {loc} with arguments: [lst.from.besttraveldeals]
17:25:58 Completed Teststep: click on {loc} with arguments: [lst.from.besttraveldeals]
17:25:58 Invoking Teststep: click on {loc} with arguments: [txt.flyingto.besttraveldeals]
17:25:58 Completed Teststep: click on {loc} with arguments: [txt.flyingto.besttraveldeals]
17:25:58 Invoking Teststep: sendKeys {text} into {loc} with arguments: [coimbatore, txt.flyingto.besttraveldeals]
17:25:58 Completed Teststep: sendKeys {text} into {loc} with arguments: [coimbatore, txt.flyingto.besttraveldeals]
17:25:58 Invoking Teststep: click on {loc} with arguments: [lst.to.besttraveldeals]
17:25:59 Completed Teststep: click on {loc} with arguments: [lst.to.besttraveldeals]
17:25:59 Invoking Teststep: click on {loc} with arguments: [txt.flyingto.besttraveldeals]
17:25:59 Completed Teststep: click on {loc} with arguments: [txt.flyingto.besttraveldeals]
17:25:59 Invoking Teststep: sendKeys {text} into {loc} with arguments: [03/01/2018, txt.flyingto.besttraveldeals]
17:25:59 Completed Teststep: sendKeys {text} into {loc} with arguments: [03/01/2018, txt.flyingto.besttraveldeals]
17:25:59 Invoking Teststep: click on {loc} with arguments: [lst.to.besttraveldeals]
17:26:01 Completed Teststep: click on {loc} with arguments: [lst.to.besttraveldeals]
17:26:01 Invoking Teststep: click on {loc} with arguments: [btn.search.besttraveldeals]
17:26:01 Completed Teststep: click on {loc} with arguments: [btn.search.besttraveldeals]
17:26:06 Invoking Teststep: click on {loc} with arguments: [btn.flights.besttraveldeals]
17:26:06 Completed Teststep: click on {loc} with arguments: [btn.flights.besttraveldeals]
17:26:06 Invoking Teststep: click on {loc} with arguments: [btn.oneway.besttraveldeals]
17:26:06 Completed Teststep: click on {loc} with arguments: [btn.oneway.besttraveldeals]
17:26:06 Invoking Teststep: sendKeys {text} into {loc} with arguments: [pune, txt.flyingfrom.besttravelpage]
17:26:07 Completed Teststep: sendKeys {text} into {loc} with arguments: [pune, txt.flyingfrom.besttravelpage]
17:26:07 Invoking Teststep: click on {loc} with arguments: [lst.from.besttraveldeals]
17:26:37 Failure Teststep: click on {loc} with arguments: [lst.from.besttraveldeals]
com.qmetry.qaf.automation.step.JavaStepReporter$JPThrowable: org.openqa.selenium.TimeoutException: Timed out after 30 seconds waiting for presence of element located by: By.xpath: //span[@data-tid='typeahead-icon0']/..
Build info: version: '2.53.0', revision: '35ae25b1534ae328c771e0856c93e187490ca824', time: '2016-03-15 10:43:46'
System info: host: 'ICPL11474', ip: '10.11.31.232', os.name: 'Windows 10', os.arch: 'amd64', os.version: '10.0', java.version: '1.8.0_144'
Driver info: driver.version: QAFExtendedWebDriver
	at com.qmetry.qaf.automation.step.JavaStepReporter$MockJavaStep.doExecute(JavaStepReporter.java:144)
	at com.qmetry.qaf.automation.step.BaseTestStep.execute(BaseTestStep.java:149)
	at com.qmetry.qaf.automation.step.JavaStepReporter.javaTestStep(JavaStepReporter.java:88)
	at com.qmetry.qaf.automation.step.CommonStep.click(CommonStep.java:647)
	at com.testflightbooking.steps.StepsBackLog.entersTheSource(StepsBackLog.java:77)
	at com.testflightbooking.test.DataAssignment.fetchData(DataAssignment.java:17)
	at sun.reflect.NativeMethodAccessorImpl.invoke0(Native Method)
	at sun.reflect.NativeMethodAccessorImpl.invoke(NativeMethodAccessorImpl.java:62)
	at sun.reflect.DelegatingMethodAccessorImpl.invoke(DelegatingMethodAccessorImpl.java:43)
	at java.lang.reflect.Method.invoke(Method.java:498)
	at org.testng.internal.MethodInvocationHelper.invokeMethod(MethodInvocationHelper.java:104)
	at org.testng.internal.Invoker.invokeMethod(Invoker.java:645)
	at org.testng.internal.Invoker.invokeTestMethod(Invoker.java:851)
	at org.testng.internal.Invoker.invokeTestMethods(Invoker.java:1177)
	at org.testng.internal.TestMethodWorker.invokeTestMethods(TestMethodWorker.java:129)
	at org.testng.internal.TestMethodWorker.run(TestMethodWorker.java:112)
	at org.testng.TestRunner.privateRun(TestRunner.java:781)
	at org.testng.TestRunner.run(TestRunner.java:635)
	at org.testng.SuiteRunner.runTest(SuiteRunner.java:387)
	at org.testng.SuiteRunner.runSequentially(SuiteRunner.java:382)
	at org.testng.SuiteRunner.privateRun(SuiteRunner.java:340)
	at org.testng.SuiteRunner.run(SuiteRunner.java:289)
	at org.testng.SuiteRunnerWorker.runSuite(SuiteRunnerWorker.java:52)
	at org.testng.SuiteRunnerWorker.run(SuiteRunnerWorker.java:86)
	at org.testng.TestNG.runSuitesSequentially(TestNG.java:1293)
	at org.testng.TestNG.runSuitesLocally(TestNG.java:1218)
	at org.testng.TestNG.runSuites(TestNG.java:1133)
	at org.testng.TestNG.run(TestNG.java:1104)
	at org.testng.remote.AbstractRemoteTestNG.run(AbstractRemoteTestNG.java:114)
	at org.testng.remote.RemoteTestNG.initAndRun(RemoteTestNG.java:251)
	at org.testng.remote.RemoteTestNG.main(RemoteTestNG.java:77)
Caused by: org.openqa.selenium.TimeoutException: Timed out after 30 seconds waiting for presence of element located by: By.xpath: //span[@data-tid='typeahead-icon0']/..
Build info: version: '2.53.0', revision: '35ae25b1534ae328c771e0856c93e187490ca824', time: '2016-03-15 10:43:46'
System info: host: 'ICPL11474', ip: '10.11.31.232', os.name: 'Windows 10', os.arch: 'amd64', os.version: '10.0', java.version: '1.8.0_144'
Driver info: driver.version: QAFExtendedWebDriver
	at org.openqa.selenium.support.ui.FluentWait.timeoutException(FluentWait.java:292)
	at org.openqa.selenium.support.ui.FluentWait.until(FluentWait.java:261)
	at com.qmetry.qaf.automation.ui.webdriver.QAFExtendedWebDriver.load(QAFExtendedWebDriver.java:214)
	at com.qmetry.qaf.automation.ui.webdriver.QAFExtendedWebElement.load(QAFExtendedWebElement.java:284)
	at com.qmetry.qaf.automation.ui.webdriver.QAFExtendedWebElement.execute(QAFExtendedWebElement.java:239)
	at org.openqa.selenium.remote.RemoteWebElement.click(RemoteWebElement.java:85)
	at com.qmetry.qaf.automation.step.CommonStep.click_aroundBody50(CommonStep.java:648)
	at com.qmetry.qaf.automation.step.CommonStep$AjcClosure51.run(CommonStep.java:1)
	at org.aspectj.runtime.reflect.JoinPointImpl.proceed(JoinPointImpl.java:149)
	at com.qmetry.qaf.automation.step.JavaStepReporter$MockJavaStep.doExecute(JavaStepReporter.java:138)
	... 30 more
Caused by: org.openqa.selenium.NoSuchElementException: no such element: Unable to locate element: {"method":"xpath","selector":"//span[@data-tid='typeahead-icon0']/.."}
  (Session info: chrome=64.0.3282.140)
  (Driver info: chromedriver=2.34.522940 (1a76f96f66e3ca7b8e57d503b4dd3bccfba87af1),platform=Windows NT 10.0.10586 x86_64) (WARNING: The server did not provide any stacktrace information)
Command duration or timeout: 17 milliseconds
For documentation on this error, please visit: http://seleniumhq.org/exceptions/no_such_element.html
Build info: version: '2.53.0', revision: '35ae25b1534ae328c771e0856c93e187490ca824', time: '2016-03-15 10:43:46'
System info: host: 'ICPL11474', ip: '10.11.31.232', os.name: 'Windows 10', os.arch: 'amd64', os.version: '10.0', java.version: '1.8.0_144'
Driver info: com.qmetry.qaf.automation.ui.webdriver.QAFExtendedWebDriver
Capabilities [{applicationCacheEnabled=false, rotatable=false, mobileEmulationEnabled=false, networkConnectionEnabled=false, chrome={chromedriverVersion=2.34.522940 (1a76f96f66e3ca7b8e57d503b4dd3bccfba87af1), userDataDir=C:\Users\RAM~1.KUM\AppData\Local\Temp\scoped_dir15008_18627}, takesHeapSnapshot=true, pageLoadStrategy=normal, databaseEnabled=false, handlesAlerts=true, hasTouchScreen=false, version=64.0.3282.140, platform=XP, browserConnectionEnabled=false, nativeEvents=true, acceptSslCerts=true, locationContextEnabled=true, webStorageEnabled=true, browserName=chrome, takesScreenshot=true, javascriptEnabled=true, cssSelectorsEnabled=true, setWindowRect=true, unexpectedAlertBehaviour=}]
Session ID: df1dc562f4272c44528619d0c9d13371
*** Element info: {Using=xpath, value=//span[@data-tid='typeahead-icon0']/..}
	at sun.reflect.GeneratedConstructorAccessor15.newInstance(Unknown Source)
	at sun.reflect.DelegatingConstructorAccessorImpl.newInstance(DelegatingConstructorAccessorImpl.java:45)
	at java.lang.reflect.Constructor.newInstance(Constructor.java:423)
	at org.openqa.selenium.remote.ErrorHandler.createThrowable(ErrorHandler.java:206)
	at org.openqa.selenium.remote.ErrorHandler.throwIfResponseFailed(ErrorHandler.java:158)
	at org.openqa.selenium.remote.RemoteWebDriver.execute(RemoteWebDriver.java:678)
	at com.qmetry.qaf.automation.ui.webdriver.QAFExtendedWebDriver.execute(QAFExtendedWebDriver.java:234)
	at org.openqa.selenium.remote.RemoteWebDriver.findElement(RemoteWebDriver.java:363)
	at org.openqa.selenium.remote.RemoteWebDriver.findElementByXPath(RemoteWebDriver.java:500)
	at com.qmetry.qaf.automation.ui.webdriver.QAFExtendedWebDriver.findElementByXPath(QAFExtendedWebDriver.java:398)
	at com.qmetry.qaf.automation.ui.webdriver.QAFExtendedWebDriver.findElementByXPath(QAFExtendedWebDriver.java:1)
	at org.openqa.selenium.By$ByXPath.findElement(By.java:361)
	at org.openqa.selenium.remote.RemoteWebDriver.findElement(RemoteWebDriver.java:355)
	at com.qmetry.qaf.automation.ui.webdriver.QAFExtendedWebDriver.findElement(QAFExtendedWebDriver.java:169)
	at com.qmetry.qaf.automation.ui.webdriver.QAFExtendedWebDriver.findElement(QAFExtendedWebDriver.java:1)
	at org.openqa.selenium.support.ui.ExpectedConditions.findElement(ExpectedConditions.java:899)
	at org.openqa.selenium.support.ui.ExpectedConditions.access$000(ExpectedConditions.java:41)
	at org.openqa.selenium.support.ui.ExpectedConditions$6.apply(ExpectedConditions.java:181)
	at org.openqa.selenium.support.ui.ExpectedConditions$6.apply(ExpectedConditions.java:178)
	at org.openqa.selenium.support.ui.FluentWait.until(FluentWait.java:238)
	... 38 more
17:26:37 Completed Teststep: click on {loc} with arguments: [lst.from.besttraveldeals]
17:34:01 Invoking Teststep: click on {loc} with arguments: [btn.flights.besttraveldeals]
17:34:02 Completed Teststep: click on {loc} with arguments: [btn.flights.besttraveldeals]
17:34:02 Invoking Teststep: click on {loc} with arguments: [btn.oneway.besttraveldeals]
17:34:02 Completed Teststep: click on {loc} with arguments: [btn.oneway.besttraveldeals]
17:34:02 Invoking Teststep: sendKeys {text} into {loc} with arguments: [pune, txt.flyingfrom.besttravelpage]
17:34:02 Completed Teststep: sendKeys {text} into {loc} with arguments: [pune, txt.flyingfrom.besttravelpage]
17:34:02 Invoking Teststep: click on {loc} with arguments: [lst.from.besttraveldeals]
17:34:33 Failure Teststep: click on {loc} with arguments: [lst.from.besttraveldeals]
com.qmetry.qaf.automation.step.JavaStepReporter$JPThrowable: org.openqa.selenium.TimeoutException: Timed out after 30 seconds waiting for presence of element located by: By.xpath: //span[@data-tid='typeahead-icon0']/..
Build info: version: '2.53.0', revision: '35ae25b1534ae328c771e0856c93e187490ca824', time: '2016-03-15 10:43:46'
System info: host: 'ICPL11474', ip: '10.11.31.232', os.name: 'Windows 10', os.arch: 'amd64', os.version: '10.0', java.version: '1.8.0_144'
Driver info: driver.version: QAFExtendedWebDriver
	at com.qmetry.qaf.automation.step.JavaStepReporter$MockJavaStep.doExecute(JavaStepReporter.java:144)
	at com.qmetry.qaf.automation.step.BaseTestStep.execute(BaseTestStep.java:149)
	at com.qmetry.qaf.automation.step.JavaStepReporter.javaTestStep(JavaStepReporter.java:88)
	at com.qmetry.qaf.automation.step.CommonStep.click(CommonStep.java:647)
	at com.testflightbooking.steps.StepsBackLog.entersTheSource(StepsBackLog.java:77)
	at com.testflightbooking.test.DataAssignment.fetchData(DataAssignment.java:17)
	at sun.reflect.NativeMethodAccessorImpl.invoke0(Native Method)
	at sun.reflect.NativeMethodAccessorImpl.invoke(NativeMethodAccessorImpl.java:62)
	at sun.reflect.DelegatingMethodAccessorImpl.invoke(DelegatingMethodAccessorImpl.java:43)
	at java.lang.reflect.Method.invoke(Method.java:498)
	at org.testng.internal.MethodInvocationHelper.invokeMethod(MethodInvocationHelper.java:104)
	at org.testng.internal.Invoker.invokeMethod(Invoker.java:645)
	at org.testng.internal.Invoker.invokeTestMethod(Invoker.java:851)
	at org.testng.internal.Invoker.invokeTestMethods(Invoker.java:1177)
	at org.testng.internal.TestMethodWorker.invokeTestMethods(TestMethodWorker.java:129)
	at org.testng.internal.TestMethodWorker.run(TestMethodWorker.java:112)
	at org.testng.TestRunner.privateRun(TestRunner.java:781)
	at org.testng.TestRunner.run(TestRunner.java:635)
	at org.testng.SuiteRunner.runTest(SuiteRunner.java:387)
	at org.testng.SuiteRunner.runSequentially(SuiteRunner.java:382)
	at org.testng.SuiteRunner.privateRun(SuiteRunner.java:340)
	at org.testng.SuiteRunner.run(SuiteRunner.java:289)
	at org.testng.SuiteRunnerWorker.runSuite(SuiteRunnerWorker.java:52)
	at org.testng.SuiteRunnerWorker.run(SuiteRunnerWorker.java:86)
	at org.testng.TestNG.runSuitesSequentially(TestNG.java:1293)
	at org.testng.TestNG.runSuitesLocally(TestNG.java:1218)
	at org.testng.TestNG.runSuites(TestNG.java:1133)
	at org.testng.TestNG.run(TestNG.java:1104)
	at org.testng.remote.AbstractRemoteTestNG.run(AbstractRemoteTestNG.java:114)
	at org.testng.remote.RemoteTestNG.initAndRun(RemoteTestNG.java:251)
	at org.testng.remote.RemoteTestNG.main(RemoteTestNG.java:77)
Caused by: org.openqa.selenium.TimeoutException: Timed out after 30 seconds waiting for presence of element located by: By.xpath: //span[@data-tid='typeahead-icon0']/..
Build info: version: '2.53.0', revision: '35ae25b1534ae328c771e0856c93e187490ca824', time: '2016-03-15 10:43:46'
System info: host: 'ICPL11474', ip: '10.11.31.232', os.name: 'Windows 10', os.arch: 'amd64', os.version: '10.0', java.version: '1.8.0_144'
Driver info: driver.version: QAFExtendedWebDriver
	at org.openqa.selenium.support.ui.FluentWait.timeoutException(FluentWait.java:292)
	at org.openqa.selenium.support.ui.FluentWait.until(FluentWait.java:261)
	at com.qmetry.qaf.automation.ui.webdriver.QAFExtendedWebDriver.load(QAFExtendedWebDriver.java:214)
	at com.qmetry.qaf.automation.ui.webdriver.QAFExtendedWebElement.load(QAFExtendedWebElement.java:284)
	at com.qmetry.qaf.automation.ui.webdriver.QAFExtendedWebElement.execute(QAFExtendedWebElement.java:239)
	at org.openqa.selenium.remote.RemoteWebElement.click(RemoteWebElement.java:85)
	at com.qmetry.qaf.automation.step.CommonStep.click_aroundBody50(CommonStep.java:648)
	at com.qmetry.qaf.automation.step.CommonStep$AjcClosure51.run(CommonStep.java:1)
	at org.aspectj.runtime.reflect.JoinPointImpl.proceed(JoinPointImpl.java:149)
	at com.qmetry.qaf.automation.step.JavaStepReporter$MockJavaStep.doExecute(JavaStepReporter.java:138)
	... 30 more
Caused by: org.openqa.selenium.NoSuchElementException: no such element: Unable to locate element: {"method":"xpath","selector":"//span[@data-tid='typeahead-icon0']/.."}
  (Session info: chrome=64.0.3282.140)
  (Driver info: chromedriver=2.34.522940 (1a76f96f66e3ca7b8e57d503b4dd3bccfba87af1),platform=Windows NT 10.0.10586 x86_64) (WARNING: The server did not provide any stacktrace information)
Command duration or timeout: 3 milliseconds
For documentation on this error, please visit: http://seleniumhq.org/exceptions/no_such_element.html
Build info: version: '2.53.0', revision: '35ae25b1534ae328c771e0856c93e187490ca824', time: '2016-03-15 10:43:46'
System info: host: 'ICPL11474', ip: '10.11.31.232', os.name: 'Windows 10', os.arch: 'amd64', os.version: '10.0', java.version: '1.8.0_144'
Driver info: com.qmetry.qaf.automation.ui.webdriver.QAFExtendedWebDriver
Capabilities [{applicationCacheEnabled=false, rotatable=false, mobileEmulationEnabled=false, networkConnectionEnabled=false, chrome={chromedriverVersion=2.34.522940 (1a76f96f66e3ca7b8e57d503b4dd3bccfba87af1), userDataDir=C:\Users\RAM~1.KUM\AppData\Local\Temp\scoped_dir5776_18788}, takesHeapSnapshot=true, pageLoadStrategy=normal, databaseEnabled=false, handlesAlerts=true, hasTouchScreen=false, version=64.0.3282.140, platform=XP, browserConnectionEnabled=false, nativeEvents=true, acceptSslCerts=true, locationContextEnabled=true, webStorageEnabled=true, browserName=chrome, takesScreenshot=true, javascriptEnabled=true, cssSelectorsEnabled=true, setWindowRect=true, unexpectedAlertBehaviour=}]
Session ID: bb72ed99bde8951786fe426987c3f3e3
*** Element info: {Using=xpath, value=//span[@data-tid='typeahead-icon0']/..}
	at sun.reflect.GeneratedConstructorAccessor14.newInstance(Unknown Source)
	at sun.reflect.DelegatingConstructorAccessorImpl.newInstance(DelegatingConstructorAccessorImpl.java:45)
	at java.lang.reflect.Constructor.newInstance(Constructor.java:423)
	at org.openqa.selenium.remote.ErrorHandler.createThrowable(ErrorHandler.java:206)
	at org.openqa.selenium.remote.ErrorHandler.throwIfResponseFailed(ErrorHandler.java:158)
	at org.openqa.selenium.remote.RemoteWebDriver.execute(RemoteWebDriver.java:678)
	at com.qmetry.qaf.automation.ui.webdriver.QAFExtendedWebDriver.execute(QAFExtendedWebDriver.java:234)
	at org.openqa.selenium.remote.RemoteWebDriver.findElement(RemoteWebDriver.java:363)
	at org.openqa.selenium.remote.RemoteWebDriver.findElementByXPath(RemoteWebDriver.java:500)
	at com.qmetry.qaf.automation.ui.webdriver.QAFExtendedWebDriver.findElementByXPath(QAFExtendedWebDriver.java:398)
	at com.qmetry.qaf.automation.ui.webdriver.QAFExtendedWebDriver.findElementByXPath(QAFExtendedWebDriver.java:1)
	at org.openqa.selenium.By$ByXPath.findElement(By.java:361)
	at org.openqa.selenium.remote.RemoteWebDriver.findElement(RemoteWebDriver.java:355)
	at com.qmetry.qaf.automation.ui.webdriver.QAFExtendedWebDriver.findElement(QAFExtendedWebDriver.java:169)
	at com.qmetry.qaf.automation.ui.webdriver.QAFExtendedWebDriver.findElement(QAFExtendedWebDriver.java:1)
	at org.openqa.selenium.support.ui.ExpectedConditions.findElement(ExpectedConditions.java:899)
	at org.openqa.selenium.support.ui.ExpectedConditions.access$000(ExpectedConditions.java:41)
	at org.openqa.selenium.support.ui.ExpectedConditions$6.apply(ExpectedConditions.java:181)
	at org.openqa.selenium.support.ui.ExpectedConditions$6.apply(ExpectedConditions.java:178)
	at org.openqa.selenium.support.ui.FluentWait.until(FluentWait.java:238)
	... 38 more
17:34:33 Completed Teststep: click on {loc} with arguments: [lst.from.besttraveldeals]
17:34:38 Invoking Teststep: click on {loc} with arguments: [btn.flights.besttraveldeals]
17:34:38 Completed Teststep: click on {loc} with arguments: [btn.flights.besttraveldeals]
17:34:38 Invoking Teststep: click on {loc} with arguments: [btn.oneway.besttraveldeals]
17:34:38 Completed Teststep: click on {loc} with arguments: [btn.oneway.besttraveldeals]
17:34:38 Invoking Teststep: sendKeys {text} into {loc} with arguments: [pune, txt.flyingfrom.besttravelpage]
17:34:38 Completed Teststep: sendKeys {text} into {loc} with arguments: [pune, txt.flyingfrom.besttravelpage]
17:34:38 Invoking Teststep: click on {loc} with arguments: [lst.from.besttraveldeals]
17:35:09 Failure Teststep: click on {loc} with arguments: [lst.from.besttraveldeals]
com.qmetry.qaf.automation.step.JavaStepReporter$JPThrowable: org.openqa.selenium.TimeoutException: Timed out after 30 seconds waiting for presence of element located by: By.xpath: //span[@data-tid='typeahead-icon0']/..
Build info: version: '2.53.0', revision: '35ae25b1534ae328c771e0856c93e187490ca824', time: '2016-03-15 10:43:46'
System info: host: 'ICPL11474', ip: '10.11.31.232', os.name: 'Windows 10', os.arch: 'amd64', os.version: '10.0', java.version: '1.8.0_144'
Driver info: driver.version: QAFExtendedWebDriver
	at com.qmetry.qaf.automation.step.JavaStepReporter$MockJavaStep.doExecute(JavaStepReporter.java:144)
	at com.qmetry.qaf.automation.step.BaseTestStep.execute(BaseTestStep.java:149)
	at com.qmetry.qaf.automation.step.JavaStepReporter.javaTestStep(JavaStepReporter.java:88)
	at com.qmetry.qaf.automation.step.CommonStep.click(CommonStep.java:647)
	at com.testflightbooking.steps.StepsBackLog.entersTheSource(StepsBackLog.java:77)
	at com.testflightbooking.test.DataAssignment.fetchData(DataAssignment.java:17)
	at sun.reflect.NativeMethodAccessorImpl.invoke0(Native Method)
	at sun.reflect.NativeMethodAccessorImpl.invoke(NativeMethodAccessorImpl.java:62)
	at sun.reflect.DelegatingMethodAccessorImpl.invoke(DelegatingMethodAccessorImpl.java:43)
	at java.lang.reflect.Method.invoke(Method.java:498)
	at org.testng.internal.MethodInvocationHelper.invokeMethod(MethodInvocationHelper.java:104)
	at org.testng.internal.Invoker.invokeMethod(Invoker.java:645)
	at org.testng.internal.Invoker.invokeTestMethod(Invoker.java:851)
	at org.testng.internal.Invoker.invokeTestMethods(Invoker.java:1177)
	at org.testng.internal.TestMethodWorker.invokeTestMethods(TestMethodWorker.java:129)
	at org.testng.internal.TestMethodWorker.run(TestMethodWorker.java:112)
	at org.testng.TestRunner.privateRun(TestRunner.java:781)
	at org.testng.TestRunner.run(TestRunner.java:635)
	at org.testng.SuiteRunner.runTest(SuiteRunner.java:387)
	at org.testng.SuiteRunner.runSequentially(SuiteRunner.java:382)
	at org.testng.SuiteRunner.privateRun(SuiteRunner.java:340)
	at org.testng.SuiteRunner.run(SuiteRunner.java:289)
	at org.testng.SuiteRunnerWorker.runSuite(SuiteRunnerWorker.java:52)
	at org.testng.SuiteRunnerWorker.run(SuiteRunnerWorker.java:86)
	at org.testng.TestNG.runSuitesSequentially(TestNG.java:1293)
	at org.testng.TestNG.runSuitesLocally(TestNG.java:1218)
	at org.testng.TestNG.runSuites(TestNG.java:1133)
	at org.testng.TestNG.run(TestNG.java:1104)
	at org.testng.remote.AbstractRemoteTestNG.run(AbstractRemoteTestNG.java:114)
	at org.testng.remote.RemoteTestNG.initAndRun(RemoteTestNG.java:251)
	at org.testng.remote.RemoteTestNG.main(RemoteTestNG.java:77)
Caused by: org.openqa.selenium.TimeoutException: Timed out after 30 seconds waiting for presence of element located by: By.xpath: //span[@data-tid='typeahead-icon0']/..
Build info: version: '2.53.0', revision: '35ae25b1534ae328c771e0856c93e187490ca824', time: '2016-03-15 10:43:46'
System info: host: 'ICPL11474', ip: '10.11.31.232', os.name: 'Windows 10', os.arch: 'amd64', os.version: '10.0', java.version: '1.8.0_144'
Driver info: driver.version: QAFExtendedWebDriver
	at org.openqa.selenium.support.ui.FluentWait.timeoutException(FluentWait.java:292)
	at org.openqa.selenium.support.ui.FluentWait.until(FluentWait.java:261)
	at com.qmetry.qaf.automation.ui.webdriver.QAFExtendedWebDriver.load(QAFExtendedWebDriver.java:214)
	at com.qmetry.qaf.automation.ui.webdriver.QAFExtendedWebElement.load(QAFExtendedWebElement.java:284)
	at com.qmetry.qaf.automation.ui.webdriver.QAFExtendedWebElement.execute(QAFExtendedWebElement.java:239)
	at org.openqa.selenium.remote.RemoteWebElement.click(RemoteWebElement.java:85)
	at com.qmetry.qaf.automation.step.CommonStep.click_aroundBody50(CommonStep.java:648)
	at com.qmetry.qaf.automation.step.CommonStep$AjcClosure51.run(CommonStep.java:1)
	at org.aspectj.runtime.reflect.JoinPointImpl.proceed(JoinPointImpl.java:149)
	at com.qmetry.qaf.automation.step.JavaStepReporter$MockJavaStep.doExecute(JavaStepReporter.java:138)
	... 30 more
Caused by: org.openqa.selenium.NoSuchElementException: no such element: Unable to locate element: {"method":"xpath","selector":"//span[@data-tid='typeahead-icon0']/.."}
  (Session info: chrome=64.0.3282.140)
  (Driver info: chromedriver=2.34.522940 (1a76f96f66e3ca7b8e57d503b4dd3bccfba87af1),platform=Windows NT 10.0.10586 x86_64) (WARNING: The server did not provide any stacktrace information)
Command duration or timeout: 6 milliseconds
For documentation on this error, please visit: http://seleniumhq.org/exceptions/no_such_element.html
Build info: version: '2.53.0', revision: '35ae25b1534ae328c771e0856c93e187490ca824', time: '2016-03-15 10:43:46'
System info: host: 'ICPL11474', ip: '10.11.31.232', os.name: 'Windows 10', os.arch: 'amd64', os.version: '10.0', java.version: '1.8.0_144'
Driver info: com.qmetry.qaf.automation.ui.webdriver.QAFExtendedWebDriver
Capabilities [{applicationCacheEnabled=false, rotatable=false, mobileEmulationEnabled=false, networkConnectionEnabled=false, chrome={chromedriverVersion=2.34.522940 (1a76f96f66e3ca7b8e57d503b4dd3bccfba87af1), userDataDir=C:\Users\RAM~1.KUM\AppData\Local\Temp\scoped_dir5776_18788}, takesHeapSnapshot=true, pageLoadStrategy=normal, databaseEnabled=false, handlesAlerts=true, hasTouchScreen=false, version=64.0.3282.140, platform=XP, browserConnectionEnabled=false, nativeEvents=true, acceptSslCerts=true, locationContextEnabled=true, webStorageEnabled=true, browserName=chrome, takesScreenshot=true, javascriptEnabled=true, cssSelectorsEnabled=true, setWindowRect=true, unexpectedAlertBehaviour=}]
Session ID: bb72ed99bde8951786fe426987c3f3e3
*** Element info: {Using=xpath, value=//span[@data-tid='typeahead-icon0']/..}
	at sun.reflect.GeneratedConstructorAccessor14.newInstance(Unknown Source)
	at sun.reflect.DelegatingConstructorAccessorImpl.newInstance(DelegatingConstructorAccessorImpl.java:45)
	at java.lang.reflect.Constructor.newInstance(Constructor.java:423)
	at org.openqa.selenium.remote.ErrorHandler.createThrowable(ErrorHandler.java:206)
	at org.openqa.selenium.remote.ErrorHandler.throwIfResponseFailed(ErrorHandler.java:158)
	at org.openqa.selenium.remote.RemoteWebDriver.execute(RemoteWebDriver.java:678)
	at com.qmetry.qaf.automation.ui.webdriver.QAFExtendedWebDriver.execute(QAFExtendedWebDriver.java:234)
	at org.openqa.selenium.remote.RemoteWebDriver.findElement(RemoteWebDriver.java:363)
	at org.openqa.selenium.remote.RemoteWebDriver.findElementByXPath(RemoteWebDriver.java:500)
	at com.qmetry.qaf.automation.ui.webdriver.QAFExtendedWebDriver.findElementByXPath(QAFExtendedWebDriver.java:398)
	at com.qmetry.qaf.automation.ui.webdriver.QAFExtendedWebDriver.findElementByXPath(QAFExtendedWebDriver.java:1)
	at org.openqa.selenium.By$ByXPath.findElement(By.java:361)
	at org.openqa.selenium.remote.RemoteWebDriver.findElement(RemoteWebDriver.java:355)
	at com.qmetry.qaf.automation.ui.webdriver.QAFExtendedWebDriver.findElement(QAFExtendedWebDriver.java:169)
	at com.qmetry.qaf.automation.ui.webdriver.QAFExtendedWebDriver.findElement(QAFExtendedWebDriver.java:1)
	at org.openqa.selenium.support.ui.ExpectedConditions.findElement(ExpectedConditions.java:899)
	at org.openqa.selenium.support.ui.ExpectedConditions.access$000(ExpectedConditions.java:41)
	at org.openqa.selenium.support.ui.ExpectedConditions$6.apply(ExpectedConditions.java:181)
	at org.openqa.selenium.support.ui.ExpectedConditions$6.apply(ExpectedConditions.java:178)
	at org.openqa.selenium.support.ui.FluentWait.until(FluentWait.java:238)
	... 38 more
17:35:09 Completed Teststep: click on {loc} with arguments: [lst.from.besttraveldeals]
17:46:32 Invoking Teststep: click on {loc} with arguments: [btn.flights.besttraveldeals]
17:46:32 Completed Teststep: click on {loc} with arguments: [btn.flights.besttraveldeals]
17:46:32 Invoking Teststep: click on {loc} with arguments: [btn.oneway.besttraveldeals]
17:46:32 Completed Teststep: click on {loc} with arguments: [btn.oneway.besttraveldeals]
17:46:32 Invoking Teststep: sendKeys {text} into {loc} with arguments: [pune, txt.flyingfrom.besttravelpage]
17:46:32 Completed Teststep: sendKeys {text} into {loc} with arguments: [pune, txt.flyingfrom.besttravelpage]
17:46:32 Invoking Teststep: click on {loc} with arguments: [lst.from.besttraveldeals]
17:46:33 Completed Teststep: click on {loc} with arguments: [lst.from.besttraveldeals]
17:46:33 Invoking Teststep: click on {loc} with arguments: [txt.flyingto.besttraveldeals]
17:46:34 Completed Teststep: click on {loc} with arguments: [txt.flyingto.besttraveldeals]
17:46:34 Invoking Teststep: sendKeys {text} into {loc} with arguments: [coimbatore, txt.flyingto.besttraveldeals]
17:46:34 Completed Teststep: sendKeys {text} into {loc} with arguments: [coimbatore, txt.flyingto.besttraveldeals]
17:46:34 Invoking Teststep: click on {loc} with arguments: [lst.to.besttraveldeals]
17:46:35 Completed Teststep: click on {loc} with arguments: [lst.to.besttraveldeals]
17:46:35 Invoking Teststep: click on {loc} with arguments: [txt.flyingto.besttraveldeals]
17:46:35 Completed Teststep: click on {loc} with arguments: [txt.flyingto.besttraveldeals]
17:46:35 Invoking Teststep: sendKeys {text} into {loc} with arguments: [03/01/2018, txt.flyingto.besttraveldeals]
17:46:35 Completed Teststep: sendKeys {text} into {loc} with arguments: [03/01/2018, txt.flyingto.besttraveldeals]
17:46:35 Invoking Teststep: click on {loc} with arguments: [lst.to.besttraveldeals]
17:46:36 Completed Teststep: click on {loc} with arguments: [lst.to.besttraveldeals]
17:46:36 Invoking Teststep: click on {loc} with arguments: [btn.search.besttraveldeals]
17:46:36 Completed Teststep: click on {loc} with arguments: [btn.search.besttraveldeals]
17:46:43 Invoking Teststep: click on {loc} with arguments: [btn.flights.besttraveldeals]
17:46:43 Completed Teststep: click on {loc} with arguments: [btn.flights.besttraveldeals]
17:46:43 Invoking Teststep: click on {loc} with arguments: [btn.oneway.besttraveldeals]
17:46:43 Completed Teststep: click on {loc} with arguments: [btn.oneway.besttraveldeals]
17:46:43 Invoking Teststep: sendKeys {text} into {loc} with arguments: [pune, txt.flyingfrom.besttravelpage]
17:46:43 Completed Teststep: sendKeys {text} into {loc} with arguments: [pune, txt.flyingfrom.besttravelpage]
17:46:43 Invoking Teststep: click on {loc} with arguments: [lst.from.besttraveldeals]
17:46:44 Completed Teststep: click on {loc} with arguments: [lst.from.besttraveldeals]
17:46:44 Invoking Teststep: click on {loc} with arguments: [txt.flyingto.besttraveldeals]
17:46:44 Completed Teststep: click on {loc} with arguments: [txt.flyingto.besttraveldeals]
17:46:44 Invoking Teststep: sendKeys {text} into {loc} with arguments: [bangalore, txt.flyingto.besttraveldeals]
17:46:44 Completed Teststep: sendKeys {text} into {loc} with arguments: [bangalore, txt.flyingto.besttraveldeals]
17:46:44 Invoking Teststep: click on {loc} with arguments: [lst.to.besttraveldeals]
17:46:46 Completed Teststep: click on {loc} with arguments: [lst.to.besttraveldeals]
17:46:46 Invoking Teststep: click on {loc} with arguments: [txt.flyingto.besttraveldeals]
17:46:46 Completed Teststep: click on {loc} with arguments: [txt.flyingto.besttraveldeals]
17:46:46 Invoking Teststep: sendKeys {text} into {loc} with arguments: [03/01/2018, txt.flyingto.besttraveldeals]
17:46:46 Completed Teststep: sendKeys {text} into {loc} with arguments: [03/01/2018, txt.flyingto.besttraveldeals]
17:46:46 Invoking Teststep: click on {loc} with arguments: [lst.to.besttraveldeals]
17:46:46 Completed Teststep: click on {loc} with arguments: [lst.to.besttraveldeals]
17:46:46 Invoking Teststep: click on {loc} with arguments: [btn.search.besttraveldeals]
17:46:46 Completed Teststep: click on {loc} with arguments: [btn.search.besttraveldeals]
17:53:27 Invoking Teststep: click on {loc} with arguments: [btn.flights.besttraveldeals]
17:53:27 Completed Teststep: click on {loc} with arguments: [btn.flights.besttraveldeals]
17:53:27 Invoking Teststep: click on {loc} with arguments: [btn.oneway.besttraveldeals]
17:53:28 Completed Teststep: click on {loc} with arguments: [btn.oneway.besttraveldeals]
17:53:28 Invoking Teststep: sendKeys {text} into {loc} with arguments: [pune, txt.flyingfrom.besttravelpage]
17:53:28 Completed Teststep: sendKeys {text} into {loc} with arguments: [pune, txt.flyingfrom.besttravelpage]
17:53:28 Invoking Teststep: click on {loc} with arguments: [lst.from.besttraveldeals]
17:53:29 Completed Teststep: click on {loc} with arguments: [lst.from.besttraveldeals]
17:53:29 Invoking Teststep: click on {loc} with arguments: [txt.flyingto.besttraveldeals]
17:53:29 Completed Teststep: click on {loc} with arguments: [txt.flyingto.besttraveldeals]
17:53:29 Invoking Teststep: sendKeys {text} into {loc} with arguments: [coimbatore, txt.flyingto.besttraveldeals]
17:53:29 Completed Teststep: sendKeys {text} into {loc} with arguments: [coimbatore, txt.flyingto.besttraveldeals]
17:53:29 Invoking Teststep: click on {loc} with arguments: [lst.to.besttraveldeals]
17:53:31 Completed Teststep: click on {loc} with arguments: [lst.to.besttraveldeals]
17:53:31 Invoking Teststep: sendKeys {text} into {loc} with arguments: [03/01/2018, txt.departing.besttraveldeals]
17:53:31 Completed Teststep: sendKeys {text} into {loc} with arguments: [03/01/2018, txt.departing.besttraveldeals]
17:53:31 Invoking Teststep: click on {loc} with arguments: [txt.departing.besttraveldeals]
17:53:31 Completed Teststep: click on {loc} with arguments: [txt.departing.besttraveldeals]
17:53:31 Invoking Teststep: click on {loc} with arguments: [btn.calender.besttraveldeals]
17:53:31 Completed Teststep: click on {loc} with arguments: [btn.calender.besttraveldeals]
17:53:31 Invoking Teststep: click on {loc} with arguments: [btn.search.besttraveldeals]
17:53:36 Completed Teststep: click on {loc} with arguments: [btn.search.besttraveldeals]
17:53:41 Invoking Teststep: click on {loc} with arguments: [btn.flights.besttraveldeals]
17:53:41 Completed Teststep: click on {loc} with arguments: [btn.flights.besttraveldeals]
17:53:41 Invoking Teststep: click on {loc} with arguments: [btn.oneway.besttraveldeals]
17:53:42 Completed Teststep: click on {loc} with arguments: [btn.oneway.besttraveldeals]
17:53:42 Invoking Teststep: sendKeys {text} into {loc} with arguments: [pune, txt.flyingfrom.besttravelpage]
17:53:42 Completed Teststep: sendKeys {text} into {loc} with arguments: [pune, txt.flyingfrom.besttravelpage]
17:53:42 Invoking Teststep: click on {loc} with arguments: [lst.from.besttraveldeals]
17:53:42 Completed Teststep: click on {loc} with arguments: [lst.from.besttraveldeals]
17:53:42 Invoking Teststep: click on {loc} with arguments: [txt.flyingto.besttraveldeals]
17:53:42 Completed Teststep: click on {loc} with arguments: [txt.flyingto.besttraveldeals]
17:53:42 Invoking Teststep: sendKeys {text} into {loc} with arguments: [bangalore, txt.flyingto.besttraveldeals]
17:53:42 Completed Teststep: sendKeys {text} into {loc} with arguments: [bangalore, txt.flyingto.besttraveldeals]
17:53:42 Invoking Teststep: click on {loc} with arguments: [lst.to.besttraveldeals]
17:53:42 Completed Teststep: click on {loc} with arguments: [lst.to.besttraveldeals]
17:53:42 Invoking Teststep: sendKeys {text} into {loc} with arguments: [03/01/2018, txt.departing.besttraveldeals]
17:53:42 Completed Teststep: sendKeys {text} into {loc} with arguments: [03/01/2018, txt.departing.besttraveldeals]
17:53:42 Invoking Teststep: click on {loc} with arguments: [txt.departing.besttraveldeals]
17:53:43 Completed Teststep: click on {loc} with arguments: [txt.departing.besttraveldeals]
17:53:43 Invoking Teststep: click on {loc} with arguments: [btn.calender.besttraveldeals]
17:53:43 Completed Teststep: click on {loc} with arguments: [btn.calender.besttraveldeals]
17:53:43 Invoking Teststep: click on {loc} with arguments: [btn.search.besttraveldeals]
17:53:43 Completed Teststep: click on {loc} with arguments: [btn.search.besttraveldeals]
17:49:06 Invoking Teststep: user is on the Homepage
17:49:17 Completed Teststep: user is on the Homepage
